#
# There is insufficient memory for the Java Runtime Environment to continue.
# Native memory allocation (malloc) failed to allocate 1048576 bytes for AllocateHeap
# Possible reasons:
#   The system is out of physical RAM or swap space
#   In 32 bit mode, the process size limit was hit
# Possible solutions:
#   Reduce memory load on the system
#   Increase physical memory or swap space
#   Check if swap backing store is full
#   Use 64 bit Java on a 64 bit OS
#   Decrease Java heap size (-Xmx/-Xms)
#   Decrease number of Java threads
#   Decrease Java thread stack sizes (-Xss)
#   Set larger code cache with -XX:ReservedCodeCacheSize=
# This output file may be truncated or incomplete.
#
#  Out of Memory Error (memory/allocation.inline.hpp:61), pid=35708, tid=0x0000000000008b00
#
# JRE version:  (8.0) (build )
# Java VM: OpenJDK 64-Bit Server VM (25.71-b00 mixed mode windows-amd64 compressed oops)
# Failed to write core dump. Minidumps are not enabled by default on client versions of Windows
#

---------------  T H R E A D  ---------------

Current thread (0x00000000029c2800):  JavaThread "Unknown thread" [_thread_in_vm, id=35584, stack(0x0000000002860000,0x0000000002960000)]

Stack: [0x0000000002860000,0x0000000002960000]
[error occurred during error reporting (printing stack bounds), id 0xc0000005]

Native frames: (J=compiled Java code, j=interpreted, Vv=VM code, C=native code)


---------------  P R O C E S S  ---------------

Java Threads: ( => current thread )

Other Threads:

=>0x00000000029c2800 (exited) JavaThread "Unknown thread" [_thread_in_vm, id=35584, stack(0x0000000002860000,0x0000000002960000)]

VM state:not at safepoint (normal execution)

VM Mutex/Monitor currently owned by a thread: None

Heap:
 PSYoungGen      total 75776K, used 1300K [0x000000076be00000, 0x0000000771280000, 0x00000007c0000000)
  eden space 65024K, 2% used [0x000000076be00000,0x000000076bf451f8,0x000000076fd80000)
  from space 10752K, 0% used [0x0000000770800000,0x0000000770800000,0x0000000771280000)
  to   space 10752K, 0% used [0x000000076fd80000,0x000000076fd80000,0x0000000770800000)
 ParOldGen       total 173568K, used 0K [0x00000006c3a00000, 0x00000006ce380000, 0x000000076be00000)
  object space 173568K, 0% used [0x00000006c3a00000,0x00000006c3a00000,0x00000006ce380000)
 Metaspace       used 777K, capacity 4480K, committed 4480K, reserved 1056768K
  class space    used 74K, capacity 384K, committed 384K, reserved 1048576K

Card table byte_map: [0x0000000011e80000,0x0000000012670000] byte_map_base: 0x000000000e863000

Marking Bits: (ParMarkBitMap*) 0x00000000565fbe50
 Begin Bits: [0x00000000138c0000, 0x00000000177d8000)
 End Bits:   [0x00000000177d8000, 0x000000001b6f0000)

Polling page: 0x0000000002400000

CodeCache: size=245760Kb used=328Kb max_used=328Kb free=245431Kb
 bounds [0x0000000002ac0000, 0x0000000002d30000, 0x0000000011ac0000]
 total_blobs=57 nmethods=0 adapters=38
 compilation: enabled

Compilation events (0 events):
No events

GC Heap History (0 events):
No events

Deoptimization events (0 events):
No events

Classes redefined (0 events):
No events

Internal exceptions (0 events):
No events

Events (10 events):
Event: 0.011 loading class java/lang/Short
Event: 0.011 loading class java/lang/Short done
Event: 0.011 loading class java/lang/Integer
Event: 0.011 loading class java/lang/Integer done
Event: 0.011 loading class java/lang/Long
Event: 0.011 loading class java/lang/Long done
Event: 0.011 loading class java/lang/NullPointerException
Event: 0.011 loading class java/lang/NullPointerException done
Event: 0.011 loading class java/lang/ArithmeticException
Event: 0.011 loading class java/lang/ArithmeticException done


Dynamic libraries:
0x00007ff6ef480000 - 0x00007ff6ef4b5000 	D:\unity\2021.3.31f1c1\Editor\Data\PlaybackEngines\AndroidPlayer\OpenJDK\bin\java.exe
0x00007ff941610000 - 0x00007ff941808000 	C:\Windows\SYSTEM32\ntdll.dll
0x00007ff93fe00000 - 0x00007ff93febd000 	C:\Windows\System32\KERNEL32.DLL
0x00007ff93f160000 - 0x00007ff93f456000 	C:\Windows\System32\KERNELBASE.dll
0x00007ff9414b0000 - 0x00007ff94155f000 	C:\Windows\System32\ADVAPI32.dll
0x00007ff940700000 - 0x00007ff94079e000 	C:\Windows\System32\msvcrt.dll
0x00007ff9413a0000 - 0x00007ff94143c000 	C:\Windows\System32\sechost.dll
0x00007ff940f90000 - 0x00007ff9410b6000 	C:\Windows\System32\RPCRT4.dll
0x00007ff941200000 - 0x00007ff94139e000 	C:\Windows\System32\USER32.dll
0x00007ff93efa0000 - 0x00007ff93efc2000 	C:\Windows\System32\win32u.dll
0x00007ff9401c0000 - 0x00007ff9401ec000 	C:\Windows\System32\GDI32.dll
0x00007ff93ed80000 - 0x00007ff93ee9a000 	C:\Windows\System32\gdi32full.dll
0x00007ff93f050000 - 0x00007ff93f0ed000 	C:\Windows\System32\msvcp_win.dll
0x00007ff93eea0000 - 0x00007ff93efa0000 	C:\Windows\System32\ucrtbase.dll
0x00007ff926720000 - 0x00007ff9269ba000 	C:\Windows\WinSxS\amd64_microsoft.windows.common-controls_6595b64144ccf1df_6.0.19041.3636_none_60b6a03d71f818d5\COMCTL32.dll
0x00007ff93fdd0000 - 0x00007ff93fe00000 	C:\Windows\System32\IMM32.DLL
0x0000000056680000 - 0x0000000056752000 	D:\unity\2021.3.31f1c1\Editor\Data\PlaybackEngines\AndroidPlayer\OpenJDK\jre\bin\msvcr100.dll
0x0000000055e30000 - 0x0000000056679000 	D:\unity\2021.3.31f1c1\Editor\Data\PlaybackEngines\AndroidPlayer\OpenJDK\jre\bin\server\jvm.dll
0x00007ff941440000 - 0x00007ff941448000 	C:\Windows\System32\PSAPI.DLL
0x00007ff8ffab0000 - 0x00007ff8ffab9000 	C:\Windows\SYSTEM32\WSOCK32.dll
0x00007ff941560000 - 0x00007ff9415cb000 	C:\Windows\System32\WS2_32.dll
0x00007ff92b650000 - 0x00007ff92b677000 	C:\Windows\SYSTEM32\WINMM.dll
0x00007ff93d440000 - 0x00007ff93d44a000 	C:\Windows\SYSTEM32\VERSION.dll
0x00007ff93d370000 - 0x00007ff93d37f000 	D:\unity\2021.3.31f1c1\Editor\Data\PlaybackEngines\AndroidPlayer\OpenJDK\jre\bin\verify.dll
0x00007ff92ced0000 - 0x00007ff92cef9000 	D:\unity\2021.3.31f1c1\Editor\Data\PlaybackEngines\AndroidPlayer\OpenJDK\jre\bin\java.dll
0x00007ff91acd0000 - 0x00007ff91ace6000 	D:\unity\2021.3.31f1c1\Editor\Data\PlaybackEngines\AndroidPlayer\OpenJDK\jre\bin\zip.dll

VM Arguments:
jvm_args: -Dfile.encoding=UTF-8 
java_command: <unknown>
java_class_path (initial): .
Launcher Type: SUN_STANDARD

Environment Variables:
JAVA_HOME=D:\unity\2021.3.31f1c1\Editor\Data\PlaybackEngines\AndroidPlayer\OpenJDK
JAVA_TOOL_OPTIONS=-Dfile.encoding=UTF-8
PATH=C:\Program Files\PlasticSCM5\server;C:\Program Files\PlasticSCM5\client;C:\Program Files (x86)\Common Files\Intel\Shared Libraries\redist\intel64_win\compiler;C:\Program Files (x86)\Common Files\Intel\Shared Libraries\redist\intel64\compiler;C:\Windows\system32;C:\Windows;C:\Windows\System32\Wbem;C:\Windows\System32\WindowsPowerShell\v1.0\;C:\Windows\System32\OpenSSH\;C:\Program Files (x86)\NVIDIA Corporation\PhysX\Common;C:\Program Files\NVIDIA Corporation\NVIDIA NvDLISR;D:\GitHub\Git\cmd;C:\Program Files\dotnet\;D:\unity\2022.3.9f1c1\Editor\Data\PlaybackEngines\AndroidPlayer\SDK\platform-tools\;C:\Users\春让青见\AppData\Local\Microsoft\WindowsApps;C:\Users\春让青见\AppData\Local\Programs\Microsoft VS Code\bin;C:\Users\春让青见\.dotnet\tools
USERNAME=Itzel
OS=Windows_NT
PROCESSOR_IDENTIFIER=Intel64 Family 6 Model 141 Stepping 1, GenuineIntel



---------------  S Y S T E M  ---------------

OS: Windows 10.0 , 64 bit Build 19041 (10.0.19041.3636)

CPU:total 16 (initial active 16) (8 cores per cpu, 2 threads per core) family 6 model 141 stepping 1, cmov, cx8, fxsr, mmx, sse, sse2, sse3, ssse3, sse4.1, sse4.2, popcnt, avx, avx2, aes, clmul, erms, 3dnowpref, lzcnt, ht, tsc, tscinvbit, bmi1, bmi2, adx

Memory: 4k page, physical 16538936k(923016k free), swap 42753332k(5308k free)

vm_info: OpenJDK 64-Bit Server VM (25.71-b00) for windows-amd64 JRE (1.8.0-adoptopenjdk-_2018_05_19_00_59-b00), built on May 19 2018 01:02:12 by "jenkins" with MS VC++ 10.0 (VS2010)

time: Wed Dec 06 19:39:19 2023
elapsed time: 0 seconds (0d 0h 0m 0s)

